生成启动时间为 2015/7/21 14:57:06。
     1>项目“D:\LearningSoftware\Github\GHWorkSpace\working\research\Code\C++\DCSKM\DCSKM\DCSKM.vcxproj”在节点 2 上(build 个目标)。
     1>PrepareForBuild:
         正在创建目录“D:\LearningSoftware\Github\GHWorkSpace\working\research\Code\C++\DCSKM\Debug\”。
       InitializeBuildStatus:
         正在创建“Debug\DCSKM.unsuccessfulbuild”，因为已指定“AlwaysCreate”。
       ClCompile:
         d:\LearningSoftware\Vs2010\VC\bin\CL.exe /c /ZI /nologo /W3 /WX- /Od /Oy- /D WIN32 /D _DEBUG /D _CONSOLE /D _UNICODE /D UNICODE /Gm /EHsc /RTC1 /MDd /GS /fp:precise /Zc:wchar_t /Zc:forScope /Yc"StdAfx.h" /Fp"Debug\DCSKM.pch" /Fo"Debug\\" /Fd"Debug\vc100.pdb" /Gd /TP /analyze- /errorReport:prompt stdafx.cpp
         stdafx.cpp
         d:\LearningSoftware\Vs2010\VC\bin\CL.exe /c /ZI /nologo /W3 /WX- /Od /Oy- /D WIN32 /D _DEBUG /D _CONSOLE /D _UNICODE /D UNICODE /Gm /EHsc /RTC1 /MDd /GS /fp:precise /Zc:wchar_t /Zc:forScope /Yu"StdAfx.h" /Fp"Debug\DCSKM.pch" /Fo"Debug\\" /Fd"Debug\vc100.pdb" /Gd /TP /analyze- /errorReport:prompt "._RkBSK-query.cc" blk_file.cc btree.cc ConfigType.cc DCSKM.cpp DCSKMQ.cpp egtree.cpp gendata.cc genQueryPoint2File.cc egtree_build.cpp gtree_query.cpp KeywordsGenerator.cc "RkBSK-query.cc" selectQueryPoints.cc testGenData.cpp utility.cc
         utility.cc
     1>d:\learningsoftware\github\ghworkspace\working\research\code\c++\dcskm\dcskm\utility.cc(1): warning C4627: “#include "utility.h"”: 在查找预编译头使用时跳过
                 将指令添加到“StdAfx.h”或重新生成预编译头
     1>d:\learningsoftware\github\ghworkspace\working\research\code\c++\dcskm\dcskm\utility.cc(506): fatal error C1010: 在查找预编译头时遇到意外的文件结尾。是否忘记了向源中添加“#include "StdAfx.h"”?
         testGenData.cpp
     1>d:\learningsoftware\github\ghworkspace\working\research\code\c++\dcskm\dcskm\testgendata.cpp(1): warning C4627: “#include "btree.h"”: 在查找预编译头使用时跳过
                 将指令添加到“StdAfx.h”或重新生成预编译头
     1>d:\learningsoftware\github\ghworkspace\working\research\code\c++\dcskm\dcskm\testgendata.cpp(2): warning C4627: “#include "utility.h"”: 在查找预编译头使用时跳过
                 将指令添加到“StdAfx.h”或重新生成预编译头
     1>d:\learningsoftware\github\ghworkspace\working\research\code\c++\dcskm\dcskm\testgendata.cpp(3): warning C4627: “#include "netshare.h"”: 在查找预编译头使用时跳过
                 将指令添加到“StdAfx.h”或重新生成预编译头
     1>d:\learningsoftware\github\ghworkspace\working\research\code\c++\dcskm\dcskm\testgendata.cpp(4): warning C4627: “#include "ConfigType.h"”: 在查找预编译头使用时跳过
                 将指令添加到“StdAfx.h”或重新生成预编译头
     1>d:\learningsoftware\github\ghworkspace\working\research\code\c++\dcskm\dcskm\testgendata.cpp(5): warning C4627: “#include "KeywordsGenerator.h"”: 在查找预编译头使用时跳过
                 将指令添加到“StdAfx.h”或重新生成预编译头
     1>d:\learningsoftware\github\ghworkspace\working\research\code\c++\dcskm\dcskm\testgendata.cpp(6): warning C4627: “#include <random>”: 在查找预编译头使用时跳过
                 将指令添加到“StdAfx.h”或重新生成预编译头
     1>d:\learningsoftware\github\ghworkspace\working\research\code\c++\dcskm\dcskm\testgendata.cpp(7): warning C4627: “#include <bitset>”: 在查找预编译头使用时跳过
                 将指令添加到“StdAfx.h”或重新生成预编译头
     1>d:\learningsoftware\github\ghworkspace\working\research\code\c++\dcskm\dcskm\testgendata.cpp(541): fatal error C1010: 在查找预编译头时遇到意外的文件结尾。是否忘记了向源中添加“#include "StdAfx.h"”?
         selectQueryPoints.cc
     1>d:\learningsoftware\github\ghworkspace\working\research\code\c++\dcskm\dcskm\selectquerypoints.cc(1): warning C4627: “#include <iostream>”: 在查找预编译头使用时跳过
                 将指令添加到“StdAfx.h”或重新生成预编译头
     1>d:\learningsoftware\github\ghworkspace\working\research\code\c++\dcskm\dcskm\selectquerypoints.cc(2): warning C4627: “#include <unordered_map>”: 在查找预编译头使用时跳过
                 将指令添加到“StdAfx.h”或重新生成预编译头
     1>d:\learningsoftware\github\ghworkspace\working\research\code\c++\dcskm\dcskm\selectquerypoints.cc(3): warning C4627: “#include <queue>”: 在查找预编译头使用时跳过
                 将指令添加到“StdAfx.h”或重新生成预编译头
     1>d:\learningsoftware\github\ghworkspace\working\research\code\c++\dcskm\dcskm\selectquerypoints.cc(4): warning C4627: “#include <bitset>”: 在查找预编译头使用时跳过
                 将指令添加到“StdAfx.h”或重新生成预编译头
     1>d:\learningsoftware\github\ghworkspace\working\research\code\c++\dcskm\dcskm\selectquerypoints.cc(5): warning C4627: “#include "diskbased.h"”: 在查找预编译头使用时跳过
                 将指令添加到“StdAfx.h”或重新生成预编译头
     1>d:\learningsoftware\github\ghworkspace\working\research\code\c++\dcskm\dcskm\selectquerypoints.cc(6): warning C4627: “#include "ConfigType.h"”: 在查找预编译头使用时跳过
                 将指令添加到“StdAfx.h”或重新生成预编译头
     1>d:\learningsoftware\github\ghworkspace\working\research\code\c++\dcskm\dcskm\selectquerypoints.cc(7): warning C4627: “#include "KeywordsGenerator.h"”: 在查找预编译头使用时跳过
                 将指令添加到“StdAfx.h”或重新生成预编译头
     1>d:\learningsoftware\github\ghworkspace\working\research\code\c++\dcskm\dcskm\selectquerypoints.cc(8): warning C4627: “#include <fstream>”: 在查找预编译头使用时跳过
                 将指令添加到“StdAfx.h”或重新生成预编译头
     1>d:\learningsoftware\github\ghworkspace\working\research\code\c++\dcskm\dcskm\selectquerypoints.cc(1755): fatal error C1010: 在查找预编译头时遇到意外的文件结尾。是否忘记了向源中添加“#include "StdAfx.h"”?
         RkBSK-query.cc
     1>d:\learningsoftware\github\ghworkspace\working\research\code\c++\dcskm\dcskm\rkbsk-query.cc(20): warning C4627: “#include <iostream>”: 在查找预编译头使用时跳过
                 将指令添加到“StdAfx.h”或重新生成预编译头
     1>d:\learningsoftware\github\ghworkspace\working\research\code\c++\dcskm\dcskm\rkbsk-query.cc(21): warning C4627: “#include <unordered_map>”: 在查找预编译头使用时跳过
                 将指令添加到“StdAfx.h”或重新生成预编译头
     1>d:\learningsoftware\github\ghworkspace\working\research\code\c++\dcskm\dcskm\rkbsk-query.cc(22): warning C4627: “#include <queue>”: 在查找预编译头使用时跳过
                 将指令添加到“StdAfx.h”或重新生成预编译头
     1>d:\learningsoftware\github\ghworkspace\working\research\code\c++\dcskm\dcskm\rkbsk-query.cc(23): warning C4627: “#include <bitset>”: 在查找预编译头使用时跳过
                 将指令添加到“StdAfx.h”或重新生成预编译头
     1>d:\learningsoftware\github\ghworkspace\working\research\code\c++\dcskm\dcskm\rkbsk-query.cc(24): warning C4627: “#include "diskbased.h"”: 在查找预编译头使用时跳过
                 将指令添加到“StdAfx.h”或重新生成预编译头
     1>d:\learningsoftware\github\ghworkspace\working\research\code\c++\dcskm\dcskm\rkbsk-query.cc(25): warning C4627: “#include "ConfigType.h"”: 在查找预编译头使用时跳过
                 将指令添加到“StdAfx.h”或重新生成预编译头
     1>d:\learningsoftware\github\ghworkspace\working\research\code\c++\dcskm\dcskm\rkbsk-query.cc(26): warning C4627: “#include <fstream>”: 在查找预编译头使用时跳过
                 将指令添加到“StdAfx.h”或重新生成预编译头
     1>d:\learningsoftware\github\ghworkspace\working\research\code\c++\dcskm\dcskm\rkbsk-query.cc(1725): fatal error C1010: 在查找预编译头时遇到意外的文件结尾。是否忘记了向源中添加“#include "StdAfx.h"”?
         KeywordsGenerator.cc
     1>d:\learningsoftware\github\ghworkspace\working\research\code\c++\dcskm\dcskm\keywordsgenerator.cc : warning C4819: 该文件包含不能在当前代码页(936)中表示的字符。请将该文件保存为 Unicode 格式以防止数据丢失
     1>d:\learningsoftware\github\ghworkspace\working\research\code\c++\dcskm\dcskm\keywordsgenerator.cc(9): warning C4627: “#include "KeywordsGenerator.h"”: 在查找预编译头使用时跳过
                 将指令添加到“StdAfx.h”或重新生成预编译头
     1>d:\learningsoftware\github\ghworkspace\working\research\code\c++\dcskm\dcskm\keywordsgenerator.cc(10): warning C4627: “#include <bitset>”: 在查找预编译头使用时跳过
                 将指令添加到“StdAfx.h”或重新生成预编译头
     1>d:\learningsoftware\github\ghworkspace\working\research\code\c++\dcskm\dcskm\keywordsgenerator.cc(11): warning C4627: “#include <vector>”: 在查找预编译头使用时跳过
                 将指令添加到“StdAfx.h”或重新生成预编译头
     1>d:\learningsoftware\github\ghworkspace\working\research\code\c++\dcskm\dcskm\keywordsgenerator.cc(103): fatal error C1010: 在查找预编译头时遇到意外的文件结尾。是否忘记了向源中添加“#include "StdAfx.h"”?
         gtree_query.cpp
     1>d:\learningsoftware\github\ghworkspace\working\research\code\c++\dcskm\dcskm\gtree_query.cpp(5): warning C4627: “#include <metis.h>”: 在查找预编译头使用时跳过
                 将指令添加到“StdAfx.h”或重新生成预编译头
     1>d:\learningsoftware\github\ghworkspace\working\research\code\c++\dcskm\dcskm\gtree_query.cpp(6): warning C4627: “#include <vector>”: 在查找预编译头使用时跳过
                 将指令添加到“StdAfx.h”或重新生成预编译头
     1>d:\learningsoftware\github\ghworkspace\working\research\code\c++\dcskm\dcskm\gtree_query.cpp(7): warning C4627: “#include <stdlib.h>”: 在查找预编译头使用时跳过
                 将指令添加到“StdAfx.h”或重新生成预编译头
     1>d:\learningsoftware\github\ghworkspace\working\research\code\c++\dcskm\dcskm\gtree_query.cpp(8): warning C4627: “#include <memory.h>”: 在查找预编译头使用时跳过
                 将指令添加到“StdAfx.h”或重新生成预编译头
     1>d:\learningsoftware\github\ghworkspace\working\research\code\c++\dcskm\dcskm\gtree_query.cpp(9): warning C4627: “#include <unordered_map>”: 在查找预编译头使用时跳过
                 将指令添加到“StdAfx.h”或重新生成预编译头
     1>d:\learningsoftware\github\ghworkspace\working\research\code\c++\dcskm\dcskm\gtree_query.cpp(10): warning C4627: “#include <map>”: 在查找预编译头使用时跳过
                 将指令添加到“StdAfx.h”或重新生成预编译头
     1>d:\learningsoftware\github\ghworkspace\working\research\code\c++\dcskm\dcskm\gtree_query.cpp(11): warning C4627: “#include <set>”: 在查找预编译头使用时跳过
                 将指令添加到“StdAfx.h”或重新生成预编译头
     1>d:\learningsoftware\github\ghworkspace\working\research\code\c++\dcskm\dcskm\gtree_query.cpp(12): warning C4627: “#include <deque>”: 在查找预编译头使用时跳过
                 将指令添加到“StdAfx.h”或重新生成预编译头
     1>d:\learningsoftware\github\ghworkspace\working\research\code\c++\dcskm\dcskm\gtree_query.cpp(13): warning C4627: “#include <stack>”: 在查找预编译头使用时跳过
                 将指令添加到“StdAfx.h”或重新生成预编译头
     1>d:\learningsoftware\github\ghworkspace\working\research\code\c++\dcskm\dcskm\gtree_query.cpp(14): warning C4627: “#include <algorithm>”: 在查找预编译头使用时跳过
                 将指令添加到“StdAfx.h”或重新生成预编译头
     1>d:\learningsoftware\github\ghworkspace\working\research\code\c++\dcskm\dcskm\gtree_query.cpp(15): warning C4627: “#include <sys/time.h>”: 在查找预编译头使用时跳过
                 将指令添加到“StdAfx.h”或重新生成预编译头
     1>d:\learningsoftware\github\ghworkspace\working\research\code\c++\dcskm\dcskm\gtree_query.cpp(641): fatal error C1010: 在查找预编译头时遇到意外的文件结尾。是否忘记了向源中添加“#include "StdAfx.h"”?
         egtree_build.cpp
     1>d:\learningsoftware\github\ghworkspace\working\research\code\c++\dcskm\dcskm\egtree_build.cpp(5): warning C4627: “#include <metis.h>”: 在查找预编译头使用时跳过
                 将指令添加到“StdAfx.h”或重新生成预编译头
     1>d:\learningsoftware\github\ghworkspace\working\research\code\c++\dcskm\dcskm\egtree_build.cpp(6): warning C4627: “#include <vector>”: 在查找预编译头使用时跳过
                 将指令添加到“StdAfx.h”或重新生成预编译头
     1>d:\learningsoftware\github\ghworkspace\working\research\code\c++\dcskm\dcskm\egtree_build.cpp(7): warning C4627: “#include <stdlib.h>”: 在查找预编译头使用时跳过
                 将指令添加到“StdAfx.h”或重新生成预编译头
     1>d:\learningsoftware\github\ghworkspace\working\research\code\c++\dcskm\dcskm\egtree_build.cpp(8): warning C4627: “#include <memory.h>”: 在查找预编译头使用时跳过
                 将指令添加到“StdAfx.h”或重新生成预编译头
     1>d:\learningsoftware\github\ghworkspace\working\research\code\c++\dcskm\dcskm\egtree_build.cpp(9): warning C4627: “#include <unordered_map>”: 在查找预编译头使用时跳过
                 将指令添加到“StdAfx.h”或重新生成预编译头
     1>d:\learningsoftware\github\ghworkspace\working\research\code\c++\dcskm\dcskm\egtree_build.cpp(10): warning C4627: “#include <map>”: 在查找预编译头使用时跳过
                 将指令添加到“StdAfx.h”或重新生成预编译头
     1>d:\learningsoftware\github\ghworkspace\working\research\code\c++\dcskm\dcskm\egtree_build.cpp(11): warning C4627: “#include <set>”: 在查找预编译头使用时跳过
                 将指令添加到“StdAfx.h”或重新生成预编译头
     1>d:\learningsoftware\github\ghworkspace\working\research\code\c++\dcskm\dcskm\egtree_build.cpp(12): warning C4627: “#include <deque>”: 在查找预编译头使用时跳过
                 将指令添加到“StdAfx.h”或重新生成预编译头
     1>d:\learningsoftware\github\ghworkspace\working\research\code\c++\dcskm\dcskm\egtree_build.cpp(13): warning C4627: “#include <stack>”: 在查找预编译头使用时跳过
                 将指令添加到“StdAfx.h”或重新生成预编译头
     1>d:\learningsoftware\github\ghworkspace\working\research\code\c++\dcskm\dcskm\egtree_build.cpp(14): warning C4627: “#include <algorithm>”: 在查找预编译头使用时跳过
                 将指令添加到“StdAfx.h”或重新生成预编译头
     1>d:\learningsoftware\github\ghworkspace\working\research\code\c++\dcskm\dcskm\egtree_build.cpp(15): warning C4627: “#include <sys/time.h>”: 在查找预编译头使用时跳过
                 将指令添加到“StdAfx.h”或重新生成预编译头
     1>d:\learningsoftware\github\ghworkspace\working\research\code\c++\dcskm\dcskm\egtree_build.cpp(728): fatal error C1010: 在查找预编译头时遇到意外的文件结尾。是否忘记了向源中添加“#include "StdAfx.h"”?
         genQueryPoint2File.cc
     1>d:\learningsoftware\github\ghworkspace\working\research\code\c++\dcskm\dcskm\genquerypoint2file.cc(20): warning C4627: “#include <iostream>”: 在查找预编译头使用时跳过
                 将指令添加到“StdAfx.h”或重新生成预编译头
     1>d:\learningsoftware\github\ghworkspace\working\research\code\c++\dcskm\dcskm\genquerypoint2file.cc(21): warning C4627: “#include "diskbased.h"”: 在查找预编译头使用时跳过
                 将指令添加到“StdAfx.h”或重新生成预编译头
     1>d:\learningsoftware\github\ghworkspace\working\research\code\c++\dcskm\dcskm\genquerypoint2file.cc(22): warning C4627: “#include "ConfigType.h"”: 在查找预编译头使用时跳过
                 将指令添加到“StdAfx.h”或重新生成预编译头
     1>d:\learningsoftware\github\ghworkspace\working\research\code\c++\dcskm\dcskm\genquerypoint2file.cc(23): warning C4627: “#include "KeywordsGenerator.h"”: 在查找预编译头使用时跳过
                 将指令添加到“StdAfx.h”或重新生成预编译头
     1>d:\learningsoftware\github\ghworkspace\working\research\code\c++\dcskm\dcskm\genquerypoint2file.cc(121): fatal error C1010: 在查找预编译头时遇到意外的文件结尾。是否忘记了向源中添加“#include "StdAfx.h"”?
         gendata.cc
     1>d:\learningsoftware\github\ghworkspace\working\research\code\c++\dcskm\dcskm\gendata.cc(1): warning C4627: “#include "btree.h"”: 在查找预编译头使用时跳过
                 将指令添加到“StdAfx.h”或重新生成预编译头
     1>d:\learningsoftware\github\ghworkspace\working\research\code\c++\dcskm\dcskm\gendata.cc(2): warning C4627: “#include "utility.h"”: 在查找预编译头使用时跳过
                 将指令添加到“StdAfx.h”或重新生成预编译头
     1>d:\learningsoftware\github\ghworkspace\working\research\code\c++\dcskm\dcskm\gendata.cc(3): warning C4627: “#include "netshare.h"”: 在查找预编译头使用时跳过
                 将指令添加到“StdAfx.h”或重新生成预编译头
     1>d:\learningsoftware\github\ghworkspace\working\research\code\c++\dcskm\dcskm\gendata.cc(4): warning C4627: “#include "ConfigType.h"”: 在查找预编译头使用时跳过
                 将指令添加到“StdAfx.h”或重新生成预编译头
     1>d:\learningsoftware\github\ghworkspace\working\research\code\c++\dcskm\dcskm\gendata.cc(5): warning C4627: “#include "KeywordsGenerator.h"”: 在查找预编译头使用时跳过
                 将指令添加到“StdAfx.h”或重新生成预编译头
     1>d:\learningsoftware\github\ghworkspace\working\research\code\c++\dcskm\dcskm\gendata.cc(6): warning C4627: “#include <random>”: 在查找预编译头使用时跳过
                 将指令添加到“StdAfx.h”或重新生成预编译头
     1>d:\learningsoftware\github\ghworkspace\working\research\code\c++\dcskm\dcskm\gendata.cc(7): warning C4627: “#include <bitset>”: 在查找预编译头使用时跳过
                 将指令添加到“StdAfx.h”或重新生成预编译头
     1>d:\learningsoftware\github\ghworkspace\working\research\code\c++\dcskm\dcskm\gendata.cc(511): fatal error C1010: 在查找预编译头时遇到意外的文件结尾。是否忘记了向源中添加“#include "StdAfx.h"”?
         egtree.cpp
     1>d:\learningsoftware\github\ghworkspace\working\research\code\c++\dcskm\dcskm\egtree.h(4): error C2059: 语法错误:“/”
     1>d:\learningsoftware\github\ghworkspace\working\research\code\c++\dcskm\dcskm\egtree.h(4): error C2059: 语法错误:“数字上的错误后缀”
     1>d:\learningsoftware\github\ghworkspace\working\research\code\c++\dcskm\dcskm\egtree.h(8): fatal error C1083: 无法打开包括文件:“metis.h”: No such file or directory
         DCSKMQ.cpp
     1>d:\learningsoftware\github\ghworkspace\working\research\code\c++\dcskm\dcskm\dcskmq.cpp(1): warning C4627: “#include <iostream>”: 在查找预编译头使用时跳过
                 将指令添加到“StdAfx.h”或重新生成预编译头
     1>d:\learningsoftware\github\ghworkspace\working\research\code\c++\dcskm\dcskm\dcskmq.cpp(2): warning C4627: “#include <unordered_map>”: 在查找预编译头使用时跳过
                 将指令添加到“StdAfx.h”或重新生成预编译头
     1>d:\learningsoftware\github\ghworkspace\working\research\code\c++\dcskm\dcskm\dcskmq.cpp(3): warning C4627: “#include <queue>”: 在查找预编译头使用时跳过
                 将指令添加到“StdAfx.h”或重新生成预编译头
     1>d:\learningsoftware\github\ghworkspace\working\research\code\c++\dcskm\dcskm\dcskmq.cpp(4): warning C4627: “#include <bitset>”: 在查找预编译头使用时跳过
                 将指令添加到“StdAfx.h”或重新生成预编译头
     1>d:\learningsoftware\github\ghworkspace\working\research\code\c++\dcskm\dcskm\dcskmq.cpp(5): warning C4627: “#include "diskbased.h"”: 在查找预编译头使用时跳过
                 将指令添加到“StdAfx.h”或重新生成预编译头
     1>d:\learningsoftware\github\ghworkspace\working\research\code\c++\dcskm\dcskm\dcskmq.cpp(6): warning C4627: “#include "ConfigType.h"”: 在查找预编译头使用时跳过
                 将指令添加到“StdAfx.h”或重新生成预编译头
     1>d:\learningsoftware\github\ghworkspace\working\research\code\c++\dcskm\dcskm\dcskmq.cpp(7): warning C4627: “#include "KeywordsGenerator.h"”: 在查找预编译头使用时跳过
                 将指令添加到“StdAfx.h”或重新生成预编译头
     1>d:\learningsoftware\github\ghworkspace\working\research\code\c++\dcskm\dcskm\dcskmq.cpp(8): warning C4627: “#include <fstream>”: 在查找预编译头使用时跳过
                 将指令添加到“StdAfx.h”或重新生成预编译头
     1>d:\learningsoftware\github\ghworkspace\working\research\code\c++\dcskm\dcskm\dcskmq.cpp(488): fatal error C1010: 在查找预编译头时遇到意外的文件结尾。是否忘记了向源中添加“#include "StdAfx.h"”?
         DCSKM.cpp
         ConfigType.cc
     1>d:\learningsoftware\github\ghworkspace\working\research\code\c++\dcskm\dcskm\configtype.cc : warning C4819: 该文件包含不能在当前代码页(936)中表示的字符。请将该文件保存为 Unicode 格式以防止数据丢失
     1>d:\learningsoftware\github\ghworkspace\working\research\code\c++\dcskm\dcskm\configtype.cc(9): warning C4627: “#include "ConfigType.h"”: 在查找预编译头使用时跳过
                 将指令添加到“StdAfx.h”或重新生成预编译头
     1>d:\learningsoftware\github\ghworkspace\working\research\code\c++\dcskm\dcskm\configtype.cc(10): warning C4627: “#include <fstream>”: 在查找预编译头使用时跳过
                 将指令添加到“StdAfx.h”或重新生成预编译头
     1>d:\learningsoftware\github\ghworkspace\working\research\code\c++\dcskm\dcskm\configtype.cc(11): warning C4627: “#include <string>”: 在查找预编译头使用时跳过
                 将指令添加到“StdAfx.h”或重新生成预编译头
     1>d:\learningsoftware\github\ghworkspace\working\research\code\c++\dcskm\dcskm\configtype.cc(12): warning C4627: “#include <cstring>”: 在查找预编译头使用时跳过
                 将指令添加到“StdAfx.h”或重新生成预编译头
     1>d:\learningsoftware\github\ghworkspace\working\research\code\c++\dcskm\dcskm\configtype.cc(211): fatal error C1010: 在查找预编译头时遇到意外的文件结尾。是否忘记了向源中添加“#include "StdAfx.h"”?
         btree.cc
     1>d:\learningsoftware\github\ghworkspace\working\research\code\c++\dcskm\dcskm\btree.cc(1): warning C4627: “#include "btree.h"”: 在查找预编译头使用时跳过
                 将指令添加到“StdAfx.h”或重新生成预编译头
     1>d:\learningsoftware\github\ghworkspace\working\research\code\c++\dcskm\dcskm\btree.cc(244): fatal error C1010: 在查找预编译头时遇到意外的文件结尾。是否忘记了向源中添加“#include "StdAfx.h"”?
         blk_file.cc
     1>d:\learningsoftware\github\ghworkspace\working\research\code\c++\dcskm\dcskm\blk_file.cc(1): warning C4627: “#include "blk_file.h"”: 在查找预编译头使用时跳过
                 将指令添加到“StdAfx.h”或重新生成预编译头
     1>d:\learningsoftware\github\ghworkspace\working\research\code\c++\dcskm\dcskm\blk_file.cc(285): fatal error C1010: 在查找预编译头时遇到意外的文件结尾。是否忘记了向源中添加“#include "StdAfx.h"”?
         ._RkBSK-query.cc
     1>d:\learningsoftware\github\ghworkspace\working\research\code\c++\dcskm\dcskm\._rkbsk-query.cc : warning C4821: 无法确定 Unicode 编码类型，请用签名(BOM)保存文件
     1>d:\learningsoftware\github\ghworkspace\working\research\code\c++\dcskm\dcskm\._rkbsk-query.cc : warning C4819: 该文件包含不能在当前代码页(936)中表示的字符。请将该文件保存为 Unicode 格式以防止数据丢失
     1>d:\learningsoftware\github\ghworkspace\working\research\code\c++\dcskm\dcskm\._rkbsk-query.cc(2): fatal error C1010: 在查找预编译头时遇到意外的文件结尾。是否忘记了向源中添加“#include "StdAfx.h"”?
         正在生成代码...
     1>已完成生成项目“D:\LearningSoftware\Github\GHWorkSpace\working\research\Code\C++\DCSKM\DCSKM\DCSKM.vcxproj”(build 个目标)的操作 - 失败。

生成失败。

已用时间 00:00:03.75
